vinsdk/build/intermediates/manifest_merge_blame_file/release/processReleaseManifest/manifest-merger-blame-release-report.txt
1<?xml version="1.0" encoding="utf-8"?>
2<manifest xmlns:android="http://schemas.android.com/apk/res/android"
3    package="com.psspl.vinsdk" >
4
5    <uses-sdk android:minSdkVersion="24" />
6
7    <uses-feature android:name="android.hardware.camera" />
7-->src/main/AndroidManifest.xml:3:5-60
7-->src/main/AndroidManifest.xml:3:19-57
8
9    <uses-permission android:name="android.permission.CAMERA" />
9-->src/main/AndroidManifest.xml:4:5-65
9-->src/main/AndroidManifest.xml:4:22-62
10
11</manifest>